<?xml version="1.0" encoding="UTF-8"?>
<!-- Generated by org.testng.reporters.JUnitXMLReporter -->
<testsuite ignored="0" hostname="DESKTOP-E0RLG1G" failures="1" tests="3" name="Test" time="50.244" errors="0" timestamp="2024-09-29T15:30:47 IST">
  <testcase classname="Appium_test.TC1_eCommerce" name="FillForm" time="21.123"/>
  <testcase classname="Appium_test.TC1_eCommerce" name="ProductAddingToCart" time="5.376"/>
  <testcase classname="Appium_test.TC2_eCommerce" name="FillForm_ErrorValidation" time="10.756">
    <failure type="java.lang.AssertionError" message="expected:&amp;lt;Please enter your name&amp;gt; but was:&amp;lt;Please enter your&amp;gt;">
      <![CDATA[java.lang.AssertionError: expected:<Please enter your name> but was:<Please enter your>
at Appium_test.TC2_eCommerce.FillForm_ErrorValidation(TC2_eCommerce.java:21)
at java.base/java.util.ArrayList.forEach(ArrayList.java:1596)
... Removed 27 stack frames]]>
    </failure>
  </testcase> <!-- FillForm_ErrorValidation -->
</testsuite> <!-- Test -->
